<?xml version="1.0" encoding="UTF-8"?>
<!-- Generated by org.testng.reporters.JUnitReportReporter -->
<testsuite skipped="0" hostname="DELL" name="tests.AppTest" tests="2" failures="0" timestamp="2021-03-14T15:59:52 IST" time="0.012" errors="0">
  <testcase name="subTest" time="0.001" classname="tests.AppTest"/>
  <system-out/>
  <testcase name="addTest" time="0.011" classname="tests.AppTest"/>
  <system-out/>
</testsuite> <!-- tests.AppTest -->
