<?xml version="1.0" encoding="UTF-8"?>
<!-- Generated by org.testng.reporters.JUnitReportReporter -->
<testsuite skipped="0" hostname="DELL" name="tests.AppTest" tests="2" failures="0" timestamp="2021-03-14T12:56:14 IST" time="0.016" errors="0">
  <testcase name="subTest" time="0.000" classname="tests.AppTest"/>
  <system-out/>
  <testcase name="addTest" time="0.016" classname="tests.AppTest"/>
  <system-out/>
</testsuite> <!-- tests.AppTest -->
